<?xml version="1.0" encoding="UTF-8"?>
<!-- Generated by org.testng.reporters.JUnitReportReporter -->
<testsuite hostname="BLRLW8091" name="page.Dem1" tests="1" failures="0" timestamp="28 Jan 2019 10:29:55 GMT" time="0.006" errors="0">
  <testcase name="sams" time="0.006" classname="page.Dem1"/>
</testsuite> <!-- page.Dem1 -->
