<?xml version="1.0" encoding="UTF-8"?>
<!-- Generated by org.testng.reporters.JUnitReportReporter -->
<testsuite hostname="BLRLW8091" name="page.Dem" tests="1" failures="0" timestamp="28 Jan 2019 07:34:41 GMT" time="0.016" errors="0">
  <testcase name="sams" time="0.016" classname="page.Dem"/>
</testsuite> <!-- page.Dem -->
