<?xml version="1.0" encoding="UTF-8"?>
<!-- Generated by org.testng.reporters.JUnitReportReporter -->
<testsuite hostname="BLRLW8091" name="Dem" tests="1" failures="0" timestamp="28 Jan 2019 07:43:18 GMT" time="0.009" errors="0">
  <testcase name="sams" time="0.009" classname="Dem"/>
</testsuite> <!-- Dem -->
